{"/home/lyang/Src/Sample-1525/__test__/setupFile.js": {"path":"/home/lyang/Src/Sample-1525/__test__/setupFile.js","statementMap":{"0":{"start":{"line":1,"column":18},"end":{"line":1,"column":34}},"1":{"start":{"line":2,"column":10},"end":{"line":2,"column":27}},"2":{"start":{"line":3,"column":20},"end":{"line":3,"column":42}},"3":{"start":{"line":5,"column":14},"end":{"line":5,"column":97}},"4":{"start":{"line":6,"column":19},"end":{"line":6,"column":24}},"5":{"start":{"line":9,"column":16},"end":{"line":14,"column":11}},"6":{"start":{"line":10,"column":20},"end":{"line":10,"column":55}},"7":{"start":{"line":11,"column":31},"end":{"line":14,"column":5}},"8":{"start":{"line":15,"column":2},"end":{"line":15,"column":41}},"9":{"start":{"line":18,"column":0},"end":{"line":18,"column":23}},"10":{"start":{"line":19,"column":0},"end":{"line":19,"column":34}},"11":{"start":{"line":20,"column":0},"end":{"line":22,"column":2}},"12":{"start":{"line":23,"column":0},"end":{"line":23,"column":26}},"13":{"start":{"line":24,"column":0},"end":{"line":24,"column":20}},"14":{"start":{"line":25,"column":16},"end":{"line":25,"column":45}},"15":{"start":{"line":26,"column":0},"end":{"line":26,"column":20}},"16":{"start":{"line":27,"column":0},"end":{"line":27,"column":31}},"17":{"start":{"line":28,"column":0},"end":{"line":28,"column":42}},"18":{"start":{"line":30,"column":20},"end":{"line":30,"column":56}},"19":{"start":{"line":31,"column":0},"end":{"line":31,"column":44}},"20":{"start":{"line":33,"column":0},"end":{"line":37,"column":2}},"21":{"start":{"line":34,"column":2},"end":{"line":34,"column":63}},"22":{"start":{"line":35,"column":2},"end":{"line":35,"column":66}},"23":{"start":{"line":36,"column":2},"end":{"line":36,"column":43}},"24":{"start":{"line":38,"column":0},"end":{"line":38,"column":32}},"25":{"start":{"line":40,"column":0},"end":{"line":40,"column":22}},"26":{"start":{"line":43,"column":0},"end":{"line":45,"column":2}},"27":{"start":{"line":47,"column":0},"end":{"line":76,"column":2}}},"fnMap":{"0":{"name":"copyProps","decl":{"start":{"line":8,"column":9},"end":{"line":8,"column":18}},"loc":{"start":{"line":8,"column":32},"end":{"line":16,"column":1}},"line":8},"1":{"name":"(anonymous_1)","decl":{"start":{"line":10,"column":12},"end":{"line":10,"column":13}},"loc":{"start":{"line":10,"column":20},"end":{"line":10,"column":55}},"line":10},"2":{"name":"(anonymous_2)","decl":{"start":{"line":11,"column":12},"end":{"line":11,"column":13}},"loc":{"start":{"line":11,"column":31},"end":{"line":14,"column":5}},"line":11},"3":{"name":"(anonymous_3)","decl":{"start":{"line":33,"column":25},"end":{"line":33,"column":26}},"loc":{"start":{"line":33,"column":44},"end":{"line":37,"column":1}},"line":33}},"branchMap":{"0":{"loc":{"start":{"line":34,"column":29},"end":{"line":34,"column":62}},"type":"binary-expr","locations":[{"start":{"line":34,"column":29},"end":{"line":34,"column":34}},{"start":{"line":34,"column":38},"end":{"line":34,"column":62}}],"line":34},"1":{"loc":{"start":{"line":35,"column":30},"end":{"line":35,"column":65}},"type":"binary-expr","locations":[{"start":{"line":35,"column":30},"end":{"line":35,"column":36}},{"start":{"line":35,"column":40},"end":{"line":35,"column":65}}],"line":35}},"s":{"0":1,"1":1,"2":1,"3":1,"4":1,"5":1,"6":241,"7":39,"8":1,"9":1,"10":1,"11":1,"12":1,"13":1,"14":1,"15":1,"16":1,"17":1,"18":1,"19":1,"20":1,"21":0,"22":0,"23":0,"24":1,"25":1,"26":1,"27":1},"f":{"0":1,"1":241,"2":39,"3":0},"b":{"0":[0,0],"1":[0,0]},"_coverageSchema":"332fd63041d2c1bcb487cc26dd0d5f7d97098a6c","hash":"ebca423ea4d5b8970d4c47332626770996108671"}
,"/home/lyang/Src/Sample-1525/__test__/setupTests.js": {"path":"/home/lyang/Src/Sample-1525/__test__/setupTests.js","statementMap":{"0":{"start":{"line":5,"column":0},"end":{"line":5,"column":38}}},"fnMap":{},"branchMap":{},"s":{"0":1},"f":{},"b":{},"_coverageSchema":"332fd63041d2c1bcb487cc26dd0d5f7d97098a6c","hash":"03b594fd3e76810351c3fa90f05499e4e71e5424"}
,"/home/lyang/Src/Sample-1525/src/components/shared/DataViewTable.js": {"path":"/home/lyang/Src/Sample-1525/src/components/shared/DataViewTable.js","statementMap":{"0":{"start":{"line":12,"column":4},"end":{"line":12,"column":17}},"1":{"start":{"line":13,"column":4},"end":{"line":13,"column":29}},"2":{"start":{"line":14,"column":4},"end":{"line":14,"column":53}},"3":{"start":{"line":15,"column":4},"end":{"line":15,"column":29}},"4":{"start":{"line":17,"column":4},"end":{"line":28,"column":6}},"5":{"start":{"line":20,"column":44},"end":{"line":20,"column":57}},"6":{"start":{"line":21,"column":22},"end":{"line":24,"column":9}},"7":{"start":{"line":30,"column":4},"end":{"line":30,"column":55}},"8":{"start":{"line":31,"column":4},"end":{"line":31,"column":67}},"9":{"start":{"line":32,"column":4},"end":{"line":32,"column":63}},"10":{"start":{"line":33,"column":4},"end":{"line":33,"column":57}},"11":{"start":{"line":34,"column":4},"end":{"line":34,"column":61}},"12":{"start":{"line":35,"column":4},"end":{"line":35,"column":73}},"13":{"start":{"line":39,"column":4},"end":{"line":41,"column":5}},"14":{"start":{"line":40,"column":6},"end":{"line":40,"column":45}},"15":{"start":{"line":42,"column":4},"end":{"line":42,"column":108}},"16":{"start":{"line":43,"column":4},"end":{"line":43,"column":47}},"17":{"start":{"line":47,"column":4},"end":{"line":49,"column":7}},"18":{"start":{"line":53,"column":4},"end":{"line":53,"column":54}},"19":{"start":{"line":57,"column":25},"end":{"line":57,"column":27}},"20":{"start":{"line":58,"column":32},"end":{"line":58,"column":33}},"21":{"start":{"line":59,"column":36},"end":{"line":59,"column":37}},"22":{"start":{"line":60,"column":24},"end":{"line":60,"column":41}},"23":{"start":{"line":61,"column":4},"end":{"line":68,"column":7}},"24":{"start":{"line":62,"column":6},"end":{"line":62,"column":23}},"25":{"start":{"line":63,"column":6},"end":{"line":67,"column":7}},"26":{"start":{"line":64,"column":8},"end":{"line":64,"column":51}},"27":{"start":{"line":66,"column":8},"end":{"line":66,"column":44}},"28":{"start":{"line":69,"column":25},"end":{"line":69,"column":45}},"29":{"start":{"line":70,"column":4},"end":{"line":83,"column":5}},"30":{"start":{"line":71,"column":6},"end":{"line":82,"column":7}},"31":{"start":{"line":72,"column":25},"end":{"line":72,"column":74}},"32":{"start":{"line":73,"column":8},"end":{"line":77,"column":9}},"33":{"start":{"line":74,"column":10},"end":{"line":74,"column":57}},"34":{"start":{"line":76,"column":10},"end":{"line":76,"column":50}},"35":{"start":{"line":78,"column":8},"end":{"line":78,"column":30}},"36":{"start":{"line":79,"column":8},"end":{"line":81,"column":9}},"37":{"start":{"line":80,"column":10},"end":{"line":80,"column":16}},"38":{"start":{"line":85,"column":4},"end":{"line":92,"column":7}},"39":{"start":{"line":86,"column":6},"end":{"line":91,"column":7}},"40":{"start":{"line":87,"column":8},"end":{"line":90,"column":11}},"41":{"start":{"line":93,"column":4},"end":{"line":96,"column":7}},"42":{"start":{"line":97,"column":4},"end":{"line":97,"column":36}},"43":{"start":{"line":98,"column":4},"end":{"line":98,"column":39}},"44":{"start":{"line":99,"column":4},"end":{"line":99,"column":39}},"45":{"start":{"line":100,"column":4},"end":{"line":100,"column":30}},"46":{"start":{"line":101,"column":4},"end":{"line":101,"column":24}},"47":{"start":{"line":105,"column":4},"end":{"line":107,"column":5}},"48":{"start":{"line":106,"column":6},"end":{"line":106,"column":110}},"49":{"start":{"line":111,"column":32},"end":{"line":111,"column":68}},"50":{"start":{"line":112,"column":4},"end":{"line":139,"column":5}},"51":{"start":{"line":113,"column":6},"end":{"line":138,"column":7}},"52":{"start":{"line":114,"column":8},"end":{"line":137,"column":9}},"53":{"start":{"line":115,"column":37},"end":{"line":115,"column":116}},"54":{"start":{"line":116,"column":10},"end":{"line":133,"column":11}},"55":{"start":{"line":117,"column":12},"end":{"line":117,"column":127}},"56":{"start":{"line":119,"column":34},"end":{"line":119,"column":97}},"57":{"start":{"line":120,"column":40},"end":{"line":120,"column":123}},"58":{"start":{"line":121,"column":12},"end":{"line":132,"column":13}},"59":{"start":{"line":122,"column":14},"end":{"line":128,"column":15}},"60":{"start":{"line":123,"column":16},"end":{"line":123,"column":67}},"61":{"start":{"line":124,"column":16},"end":{"line":124,"column":87}},"62":{"start":{"line":126,"column":16},"end":{"line":126,"column":83}},"63":{"start":{"line":127,"column":16},"end":{"line":127,"column":71}},"64":{"start":{"line":130,"column":14},"end":{"line":130,"column":64}},"65":{"start":{"line":131,"column":14},"end":{"line":131,"column":84}},"66":{"start":{"line":134,"column":10},"end":{"line":134,"column":63}},"67":{"start":{"line":135,"column":10},"end":{"line":135,"column":62}},"68":{"start":{"line":136,"column":10},"end":{"line":136,"column":17}},"69":{"start":{"line":144,"column":4},"end":{"line":148,"column":5}},"70":{"start":{"line":145,"column":6},"end":{"line":145,"column":24}},"71":{"start":{"line":147,"column":6},"end":{"line":147,"column":67}},"72":{"start":{"line":147,"column":49},"end":{"line":147,"column":65}},"73":{"start":{"line":149,"column":4},"end":{"line":152,"column":7}},"74":{"start":{"line":153,"column":4},"end":{"line":153,"column":44}},"75":{"start":{"line":158,"column":4},"end":{"line":162,"column":5}},"76":{"start":{"line":159,"column":6},"end":{"line":159,"column":54}},"77":{"start":{"line":161,"column":6},"end":{"line":161,"column":50}},"78":{"start":{"line":163,"column":4},"end":{"line":166,"column":7}},"79":{"start":{"line":167,"column":4},"end":{"line":167,"column":38}},"80":{"start":{"line":171,"column":23},"end":{"line":187,"column":6}},"81":{"start":{"line":172,"column":6},"end":{"line":175,"column":7}},"82":{"start":{"line":173,"column":8},"end":{"line":173,"column":70}},"83":{"start":{"line":174,"column":8},"end":{"line":174,"column":70}},"84":{"start":{"line":176,"column":6},"end":{"line":186,"column":8}},"85":{"start":{"line":177,"column":23},"end":{"line":177,"column":73}},"86":{"start":{"line":189,"column":4},"end":{"line":223,"column":5}},"87":{"start":{"line":190,"column":6},"end":{"line":222,"column":9}},"88":{"start":{"line":192,"column":10},"end":{"line":205,"column":18}},"89":{"start":{"line":212,"column":10},"end":{"line":220,"column":18}},"90":{"start":{"line":216,"column":30},"end":{"line":216,"column":84}},"91":{"start":{"line":224,"column":4},"end":{"line":224,"column":22}},"92":{"start":{"line":228,"column":23},"end":{"line":228,"column":50}},"93":{"start":{"line":229,"column":4},"end":{"line":245,"column":5}},"94":{"start":{"line":230,"column":23},"end":{"line":230,"column":58}},"95":{"start":{"line":231,"column":6},"end":{"line":236,"column":7}},"96":{"start":{"line":232,"column":8},"end":{"line":232,"column":45}},"97":{"start":{"line":234,"column":8},"end":{"line":234,"column":35}},"98":{"start":{"line":235,"column":8},"end":{"line":235,"column":33}},"99":{"start":{"line":237,"column":6},"end":{"line":237,"column":114}},"100":{"start":{"line":238,"column":6},"end":{"line":238,"column":64}},"101":{"start":{"line":239,"column":6},"end":{"line":244,"column":9}},"102":{"start":{"line":249,"column":4},"end":{"line":255,"column":6}},"103":{"start":{"line":251,"column":8},"end":{"line":253,"column":9}},"104":{"start":{"line":252,"column":10},"end":{"line":252,"column":52}},"105":{"start":{"line":259,"column":19},"end":{"line":263,"column":5}},"106":{"start":{"line":265,"column":4},"end":{"line":283,"column":6}},"107":{"start":{"line":266,"column":64},"end":{"line":266,"column":81}},"108":{"start":{"line":287,"column":0},"end":{"line":300,"column":2}},"109":{"start":{"line":302,"column":0},"end":{"line":315,"column":2}}},"fnMap":{"0":{"name":"(anonymous_0)","decl":{"start":{"line":11,"column":2},"end":{"line":11,"column":3}},"loc":{"start":{"line":11,"column":21},"end":{"line":36,"column":3}},"line":11},"1":{"name":"(anonymous_1)","decl":{"start":{"line":20,"column":36},"end":{"line":20,"column":37}},"loc":{"start":{"line":20,"column":44},"end":{"line":20,"column":57}},"line":20},"2":{"name":"(anonymous_2)","decl":{"start":{"line":21,"column":13},"end":{"line":21,"column":14}},"loc":{"start":{"line":21,"column":22},"end":{"line":24,"column":9}},"line":21},"3":{"name":"(anonymous_3)","decl":{"start":{"line":38,"column":2},"end":{"line":38,"column":3}},"loc":{"start":{"line":38,"column":22},"end":{"line":44,"column":3}},"line":38},"4":{"name":"(anonymous_4)","decl":{"start":{"line":46,"column":2},"end":{"line":46,"column":3}},"loc":{"start":{"line":46,"column":39},"end":{"line":50,"column":3}},"line":46},"5":{"name":"(anonymous_5)","decl":{"start":{"line":52,"column":2},"end":{"line":52,"column":3}},"loc":{"start":{"line":52,"column":25},"end":{"line":54,"column":3}},"line":52},"6":{"name":"(anonymous_6)","decl":{"start":{"line":56,"column":2},"end":{"line":56,"column":3}},"loc":{"start":{"line":56,"column":49},"end":{"line":102,"column":3}},"line":56},"7":{"name":"(anonymous_7)","decl":{"start":{"line":61,"column":24},"end":{"line":61,"column":25}},"loc":{"start":{"line":61,"column":34},"end":{"line":68,"column":5}},"line":61},"8":{"name":"(anonymous_8)","decl":{"start":{"line":85,"column":24},"end":{"line":85,"column":25}},"loc":{"start":{"line":85,"column":34},"end":{"line":92,"column":5}},"line":85},"9":{"name":"(anonymous_9)","decl":{"start":{"line":104,"column":2},"end":{"line":104,"column":3}},"loc":{"start":{"line":104,"column":37},"end":{"line":108,"column":3}},"line":104},"10":{"name":"(anonymous_10)","decl":{"start":{"line":110,"column":2},"end":{"line":110,"column":3}},"loc":{"start":{"line":110,"column":28},"end":{"line":140,"column":3}},"line":110},"11":{"name":"(anonymous_11)","decl":{"start":{"line":142,"column":2},"end":{"line":142,"column":3}},"loc":{"start":{"line":142,"column":21},"end":{"line":154,"column":3}},"line":142},"12":{"name":"(anonymous_12)","decl":{"start":{"line":147,"column":41},"end":{"line":147,"column":42}},"loc":{"start":{"line":147,"column":49},"end":{"line":147,"column":65}},"line":147},"13":{"name":"(anonymous_13)","decl":{"start":{"line":156,"column":2},"end":{"line":156,"column":3}},"loc":{"start":{"line":156,"column":29},"end":{"line":168,"column":3}},"line":156},"14":{"name":"(anonymous_14)","decl":{"start":{"line":170,"column":2},"end":{"line":170,"column":3}},"loc":{"start":{"line":170,"column":23},"end":{"line":225,"column":3}},"line":170},"15":{"name":"(anonymous_15)","decl":{"start":{"line":171,"column":41},"end":{"line":171,"column":42}},"loc":{"start":{"line":171,"column":51},"end":{"line":187,"column":5}},"line":171},"16":{"name":"(anonymous_16)","decl":{"start":{"line":177,"column":16},"end":{"line":177,"column":17}},"loc":{"start":{"line":177,"column":23},"end":{"line":177,"column":73}},"line":177},"17":{"name":"(anonymous_17)","decl":{"start":{"line":191,"column":16},"end":{"line":191,"column":17}},"loc":{"start":{"line":192,"column":10},"end":{"line":205,"column":18}},"line":192},"18":{"name":"(anonymous_18)","decl":{"start":{"line":211,"column":14},"end":{"line":211,"column":15}},"loc":{"start":{"line":212,"column":10},"end":{"line":220,"column":18}},"line":212},"19":{"name":"(anonymous_19)","decl":{"start":{"line":216,"column":24},"end":{"line":216,"column":25}},"loc":{"start":{"line":216,"column":30},"end":{"line":216,"column":84}},"line":216},"20":{"name":"(anonymous_20)","decl":{"start":{"line":227,"column":2},"end":{"line":227,"column":3}},"loc":{"start":{"line":227,"column":49},"end":{"line":246,"column":3}},"line":227},"21":{"name":"(anonymous_21)","decl":{"start":{"line":248,"column":2},"end":{"line":248,"column":3}},"loc":{"start":{"line":248,"column":51},"end":{"line":256,"column":3}},"line":248},"22":{"name":"(anonymous_22)","decl":{"start":{"line":250,"column":15},"end":{"line":250,"column":16}},"loc":{"start":{"line":250,"column":21},"end":{"line":254,"column":7}},"line":250},"23":{"name":"(anonymous_23)","decl":{"start":{"line":258,"column":2},"end":{"line":258,"column":3}},"loc":{"start":{"line":258,"column":11},"end":{"line":284,"column":3}},"line":258},"24":{"name":"(anonymous_24)","decl":{"start":{"line":266,"column":53},"end":{"line":266,"column":54}},"loc":{"start":{"line":266,"column":62},"end":{"line":266,"column":83}},"line":266},"25":{"name":"(anonymous_25)","decl":{"start":{"line":309,"column":19},"end":{"line":309,"column":20}},"loc":{"start":{"line":309,"column":25},"end":{"line":309,"column":27}},"line":309}},"branchMap":{"0":{"loc":{"start":{"line":39,"column":4},"end":{"line":41,"column":5}},"type":"if","locations":[{"start":{"line":39,"column":4},"end":{"line":41,"column":5}},{"start":{"line":39,"column":4},"end":{"line":41,"column":5}}],"line":39},"1":{"loc":{"start":{"line":63,"column":6},"end":{"line":67,"column":7}},"type":"if","locations":[{"start":{"line":63,"column":6},"end":{"line":67,"column":7}},{"start":{"line":63,"column":6},"end":{"line":67,"column":7}}],"line":63},"2":{"loc":{"start":{"line":70,"column":4},"end":{"line":83,"column":5}},"type":"if","locations":[{"start":{"line":70,"column":4},"end":{"line":83,"column":5}},{"start":{"line":70,"column":4},"end":{"line":83,"column":5}}],"line":70},"3":{"loc":{"start":{"line":73,"column":8},"end":{"line":77,"column":9}},"type":"if","locations":[{"start":{"line":73,"column":8},"end":{"line":77,"column":9}},{"start":{"line":73,"column":8},"end":{"line":77,"column":9}}],"line":73},"4":{"loc":{"start":{"line":79,"column":8},"end":{"line":81,"column":9}},"type":"if","locations":[{"start":{"line":79,"column":8},"end":{"line":81,"column":9}},{"start":{"line":79,"column":8},"end":{"line":81,"column":9}}],"line":79},"5":{"loc":{"start":{"line":86,"column":6},"end":{"line":91,"column":7}},"type":"if","locations":[{"start":{"line":86,"column":6},"end":{"line":91,"column":7}},{"start":{"line":86,"column":6},"end":{"line":91,"column":7}}],"line":86},"6":{"loc":{"start":{"line":89,"column":17},"end":{"line":89,"column":133}},"type":"cond-expr","locations":[{"start":{"line":89,"column":34},"end":{"line":89,"column":120}},{"start":{"line":89,"column":123},"end":{"line":89,"column":133}}],"line":89},"7":{"loc":{"start":{"line":105,"column":4},"end":{"line":107,"column":5}},"type":"if","locations":[{"start":{"line":105,"column":4},"end":{"line":107,"column":5}},{"start":{"line":105,"column":4},"end":{"line":107,"column":5}}],"line":105},"8":{"loc":{"start":{"line":114,"column":8},"end":{"line":137,"column":9}},"type":"if","locations":[{"start":{"line":114,"column":8},"end":{"line":137,"column":9}},{"start":{"line":114,"column":8},"end":{"line":137,"column":9}}],"line":114},"9":{"loc":{"start":{"line":114,"column":12},"end":{"line":114,"column":114}},"type":"binary-expr","locations":[{"start":{"line":114,"column":12},"end":{"line":114,"column":58}},{"start":{"line":114,"column":62},"end":{"line":114,"column":114}}],"line":114},"10":{"loc":{"start":{"line":116,"column":10},"end":{"line":133,"column":11}},"type":"if","locations":[{"start":{"line":116,"column":10},"end":{"line":133,"column":11}},{"start":{"line":116,"column":10},"end":{"line":133,"column":11}}],"line":116},"11":{"loc":{"start":{"line":117,"column":43},"end":{"line":117,"column":126}},"type":"cond-expr","locations":[{"start":{"line":117,"column":86},"end":{"line":117,"column":105}},{"start":{"line":117,"column":108},"end":{"line":117,"column":126}}],"line":117},"12":{"loc":{"start":{"line":121,"column":12},"end":{"line":132,"column":13}},"type":"if","locations":[{"start":{"line":121,"column":12},"end":{"line":132,"column":13}},{"start":{"line":121,"column":12},"end":{"line":132,"column":13}}],"line":121},"13":{"loc":{"start":{"line":122,"column":14},"end":{"line":128,"column":15}},"type":"if","locations":[{"start":{"line":122,"column":14},"end":{"line":128,"column":15}},{"start":{"line":122,"column":14},"end":{"line":128,"column":15}}],"line":122},"14":{"loc":{"start":{"line":144,"column":4},"end":{"line":148,"column":5}},"type":"if","locations":[{"start":{"line":144,"column":4},"end":{"line":148,"column":5}},{"start":{"line":144,"column":4},"end":{"line":148,"column":5}}],"line":144},"15":{"loc":{"start":{"line":158,"column":4},"end":{"line":162,"column":5}},"type":"if","locations":[{"start":{"line":158,"column":4},"end":{"line":162,"column":5}},{"start":{"line":158,"column":4},"end":{"line":162,"column":5}}],"line":158},"16":{"loc":{"start":{"line":165,"column":24},"end":{"line":165,"column":83}},"type":"binary-expr","locations":[{"start":{"line":165,"column":24},"end":{"line":165,"column":62}},{"start":{"line":165,"column":66},"end":{"line":165,"column":83}}],"line":165},"17":{"loc":{"start":{"line":172,"column":6},"end":{"line":175,"column":7}},"type":"if","locations":[{"start":{"line":172,"column":6},"end":{"line":175,"column":7}},{"start":{"line":172,"column":6},"end":{"line":175,"column":7}}],"line":172},"18":{"loc":{"start":{"line":189,"column":4},"end":{"line":223,"column":5}},"type":"if","locations":[{"start":{"line":189,"column":4},"end":{"line":223,"column":5}},{"start":{"line":189,"column":4},"end":{"line":223,"column":5}}],"line":189},"19":{"loc":{"start":{"line":195,"column":14},"end":{"line":195,"column":91}},"type":"cond-expr","locations":[{"start":{"line":195,"column":45},"end":{"line":195,"column":74}},{"start":{"line":195,"column":78},"end":{"line":195,"column":91}}],"line":195},"20":{"loc":{"start":{"line":229,"column":4},"end":{"line":245,"column":5}},"type":"if","locations":[{"start":{"line":229,"column":4},"end":{"line":245,"column":5}},{"start":{"line":229,"column":4},"end":{"line":245,"column":5}}],"line":229},"21":{"loc":{"start":{"line":229,"column":8},"end":{"line":229,"column":80}},"type":"binary-expr","locations":[{"start":{"line":229,"column":8},"end":{"line":229,"column":53}},{"start":{"line":229,"column":57},"end":{"line":229,"column":80}}],"line":229},"22":{"loc":{"start":{"line":231,"column":6},"end":{"line":236,"column":7}},"type":"if","locations":[{"start":{"line":231,"column":6},"end":{"line":236,"column":7}},{"start":{"line":231,"column":6},"end":{"line":236,"column":7}}],"line":231},"23":{"loc":{"start":{"line":251,"column":8},"end":{"line":253,"column":9}},"type":"if","locations":[{"start":{"line":251,"column":8},"end":{"line":253,"column":9}},{"start":{"line":251,"column":8},"end":{"line":253,"column":9}}],"line":251},"24":{"loc":{"start":{"line":251,"column":12},"end":{"line":251,"column":63}},"type":"binary-expr","locations":[{"start":{"line":251,"column":12},"end":{"line":251,"column":36}},{"start":{"line":251,"column":40},"end":{"line":251,"column":63}}],"line":251}},"s":{"0":1,"1":1,"2":1,"3":1,"4":1,"5":2,"6":0,"7":1,"8":1,"9":1,"10":1,"11":1,"12":1,"13":1,"14":1,"15":1,"16":1,"17":0,"18":0,"19":1,"20":1,"21":1,"22":1,"23":1,"24":2,"25":2,"26":2,"27":0,"28":1,"29":1,"30":0,"31":0,"32":0,"33":0,"34":0,"35":0,"36":0,"37":0,"38":1,"39":2,"40":2,"41":1,"42":1,"43":1,"44":1,"45":1,"46":1,"47":0,"48":0,"49":0,"50":0,"51":0,"52":0,"53":0,"54":0,"55":0,"56":0,"57":0,"58":0,"59":0,"60":0,"61":0,"62":0,"63":0,"64":0,"65":0,"66":0,"67":0,"68":0,"69":0,"70":0,"71":0,"72":0,"73":0,"74":0,"75":0,"76":0,"77":0,"78":0,"79":0,"80":1,"81":2,"82":0,"83":0,"84":2,"85":4,"86":1,"87":0,"88":0,"89":0,"90":0,"91":1,"92":0,"93":0,"94":0,"95":0,"96":0,"97":0,"98":0,"99":0,"100":0,"101":0,"102":28,"103":0,"104":0,"105":2,"106":2,"107":3,"108":1,"109":1},"f":{"0":1,"1":2,"2":0,"3":1,"4":0,"5":0,"6":1,"7":2,"8":2,"9":0,"10":0,"11":0,"12":0,"13":0,"14":1,"15":2,"16":4,"17":0,"18":0,"19":0,"20":0,"21":28,"22":0,"23":2,"24":3,"25":0},"b":{"0":[1,0],"1":[2,0],"2":[0,1],"3":[0,0],"4":[0,0],"5":[2,0],"6":[2,0],"7":[0,0],"8":[0,0],"9":[0,0],"10":[0,0],"11":[0,0],"12":[0,0],"13":[0,0],"14":[0,0],"15":[0,0],"16":[0,0],"17":[0,2],"18":[0,1],"19":[0,0],"20":[0,0],"21":[0,0],"22":[0,0],"23":[0,0],"24":[0,0]},"_coverageSchema":"332fd63041d2c1bcb487cc26dd0d5f7d97098a6c","hash":"f2ecf764a1e0fc269361ed0938ebf5a89cbe7351"}
}
