TN:
SF:/home/lyang/Src/Sample-1525/__test__/setupFile.js
FN:8,copyProps
FN:10,(anonymous_1)
FN:11,(anonymous_2)
FN:33,(anonymous_3)
FNF:4
FNH:3
FNDA:1,copyProps
FNDA:241,(anonymous_1)
FNDA:39,(anonymous_2)
FNDA:0,(anonymous_3)
DA:1,1
DA:2,1
DA:3,1
DA:5,1
DA:6,1
DA:9,1
DA:10,241
DA:11,39
DA:15,1
DA:18,1
DA:19,1
DA:20,1
DA:23,1
DA:24,1
DA:25,1
DA:26,1
DA:27,1
DA:28,1
DA:30,1
DA:31,1
DA:33,1
DA:34,0
DA:35,0
DA:36,0
DA:38,1
DA:40,1
DA:43,1
DA:47,1
LF:28
LH:25
BRDA:34,0,0,0
BRDA:34,0,1,0
BRDA:35,1,0,0
BRDA:35,1,1,0
BRF:4
BRH:0
end_of_record
TN:
SF:/home/lyang/Src/Sample-1525/__test__/setupTests.js
FNF:0
FNH:0
DA:5,1
LF:1
LH:1
BRF:0
BRH:0
end_of_record
TN:
SF:/home/lyang/Src/Sample-1525/src/components/shared/DataViewTable.js
FN:11,(anonymous_0)
FN:20,(anonymous_1)
FN:21,(anonymous_2)
FN:38,(anonymous_3)
FN:46,(anonymous_4)
FN:52,(anonymous_5)
FN:56,(anonymous_6)
FN:61,(anonymous_7)
FN:85,(anonymous_8)
FN:104,(anonymous_9)
FN:110,(anonymous_10)
FN:142,(anonymous_11)
FN:147,(anonymous_12)
FN:156,(anonymous_13)
FN:170,(anonymous_14)
FN:171,(anonymous_15)
FN:177,(anonymous_16)
FN:191,(anonymous_17)
FN:211,(anonymous_18)
FN:216,(anonymous_19)
FN:227,(anonymous_20)
FN:248,(anonymous_21)
FN:250,(anonymous_22)
FN:258,(anonymous_23)
FN:266,(anonymous_24)
FN:309,(anonymous_25)
FNF:26
FNH:12
FNDA:1,(anonymous_0)
FNDA:2,(anonymous_1)
FNDA:0,(anonymous_2)
FNDA:1,(anonymous_3)
FNDA:0,(anonymous_4)
FNDA:0,(anonymous_5)
FNDA:1,(anonymous_6)
FNDA:2,(anonymous_7)
FNDA:2,(anonymous_8)
FNDA:0,(anonymous_9)
FNDA:0,(anonymous_10)
FNDA:0,(anonymous_11)
FNDA:0,(anonymous_12)
FNDA:0,(anonymous_13)
FNDA:1,(anonymous_14)
FNDA:2,(anonymous_15)
FNDA:4,(anonymous_16)
FNDA:0,(anonymous_17)
FNDA:0,(anonymous_18)
FNDA:0,(anonymous_19)
FNDA:0,(anonymous_20)
FNDA:28,(anonymous_21)
FNDA:0,(anonymous_22)
FNDA:2,(anonymous_23)
FNDA:3,(anonymous_24)
FNDA:0,(anonymous_25)
DA:12,1
DA:13,1
DA:14,1
DA:15,1
DA:17,1
DA:20,2
DA:21,0
DA:30,1
DA:31,1
DA:32,1
DA:33,1
DA:34,1
DA:35,1
DA:39,1
DA:40,1
DA:42,1
DA:43,1
DA:47,0
DA:53,0
DA:57,1
DA:58,1
DA:59,1
DA:60,1
DA:61,1
DA:62,2
DA:63,2
DA:64,2
DA:66,0
DA:69,1
DA:70,1
DA:71,0
DA:72,0
DA:73,0
DA:74,0
DA:76,0
DA:78,0
DA:79,0
DA:80,0
DA:85,1
DA:86,2
DA:87,2
DA:93,1
DA:97,1
DA:98,1
DA:99,1
DA:100,1
DA:101,1
DA:105,0
DA:106,0
DA:111,0
DA:112,0
DA:113,0
DA:114,0
DA:115,0
DA:116,0
DA:117,0
DA:119,0
DA:120,0
DA:121,0
DA:122,0
DA:123,0
DA:124,0
DA:126,0
DA:127,0
DA:130,0
DA:131,0
DA:134,0
DA:135,0
DA:136,0
DA:144,0
DA:145,0
DA:147,0
DA:149,0
DA:153,0
DA:158,0
DA:159,0
DA:161,0
DA:163,0
DA:167,0
DA:171,1
DA:172,2
DA:173,0
DA:174,0
DA:176,2
DA:177,4
DA:189,1
DA:190,0
DA:192,0
DA:212,0
DA:216,0
DA:224,1
DA:228,0
DA:229,0
DA:230,0
DA:231,0
DA:232,0
DA:234,0
DA:235,0
DA:237,0
DA:238,0
DA:239,0
DA:249,28
DA:251,0
DA:252,0
DA:259,2
DA:265,2
DA:266,3
DA:287,1
DA:302,1
LF:109
LH:47
BRDA:39,0,0,1
BRDA:39,0,1,0
BRDA:63,1,0,2
BRDA:63,1,1,0
BRDA:70,2,0,0
BRDA:70,2,1,1
BRDA:73,3,0,0
BRDA:73,3,1,0
BRDA:79,4,0,0
BRDA:79,4,1,0
BRDA:86,5,0,2
BRDA:86,5,1,0
BRDA:89,6,0,2
BRDA:89,6,1,0
BRDA:105,7,0,0
BRDA:105,7,1,0
BRDA:114,8,0,0
BRDA:114,8,1,0
BRDA:114,9,0,0
BRDA:114,9,1,0
BRDA:116,10,0,0
BRDA:116,10,1,0
BRDA:117,11,0,0
BRDA:117,11,1,0
BRDA:121,12,0,0
BRDA:121,12,1,0
BRDA:122,13,0,0
BRDA:122,13,1,0
BRDA:144,14,0,0
BRDA:144,14,1,0
BRDA:158,15,0,0
BRDA:158,15,1,0
BRDA:165,16,0,0
BRDA:165,16,1,0
BRDA:172,17,0,0
BRDA:172,17,1,2
BRDA:189,18,0,0
BRDA:189,18,1,1
BRDA:195,19,0,0
BRDA:195,19,1,0
BRDA:229,20,0,0
BRDA:229,20,1,0
BRDA:229,21,0,0
BRDA:229,21,1,0
BRDA:231,22,0,0
BRDA:231,22,1,0
BRDA:251,23,0,0
BRDA:251,23,1,0
BRDA:251,24,0,0
BRDA:251,24,1,0
BRF:50
BRH:7
end_of_record
